\BOOKMARK [1][-]{section.1}{\376\377\000I\000n\000t\000r\000o\000d\000u\000c\000t\000i\000o\000n}{}% 1
\BOOKMARK [2][-]{subsection.1.1}{\376\377\000P\000r\000e\000v\000i\000o\000u\000s\000\040\000W\000o\000r\000k\000s}{section.1}% 2
\BOOKMARK [3][-]{subsubsection.1.1.1}{\376\377\000M\000a\000g\000n\000e\000t\000i\000c\000\040\000D\000i\000p\000o\000l\000e\000\040\000L\000o\000c\000a\000l\000i\000z\000a\000t\000i\000o\000n}{subsection.1.1}% 3
\BOOKMARK [3][-]{subsubsection.1.1.2}{\376\377\000P\000a\000r\000t\000i\000c\000l\000e\000\040\000S\000w\000a\000r\000m\000\040\000O\000p\000t\000i\000m\000i\000z\000a\000t\000i\000o\000n}{subsection.1.1}% 4
\BOOKMARK [2][-]{subsection.1.2}{\376\377\000T\000h\000e\000\040\000A\000R\000T\000V\000A}{section.1}% 5
\BOOKMARK [1][-]{section.2}{\376\377\000T\000h\000e\000o\000r\000e\000t\000i\000c\000a\000l\000\040\000F\000o\000u\000n\000d\000a\000t\000i\000o\000n}{}% 6
\BOOKMARK [2][-]{subsection.2.1}{\376\377\000G\000r\000a\000d\000i\000e\000n\000t\000,\000\040\000D\000i\000v\000e\000r\000g\000e\000n\000c\000e\000,\000\040\000a\000n\000d\000\040\000C\000u\000r\000l}{section.2}% 7
\BOOKMARK [3][-]{subsubsection.2.1.1}{\376\377\000G\000r\000a\000d\000i\000e\000n\000t\000\040\000o\000f\000\040\000a\000\040\000S\000c\000a\000l\000a\000r\000\040\000F\000i\000e\000l\000d}{subsection.2.1}% 8
\BOOKMARK [3][-]{subsubsection.2.1.2}{\376\377\000D\000e\000f\000i\000n\000i\000t\000i\000o\000n\000\040\000o\000f\000\040\000a\000\040\000V\000e\000c\000t\000o\000r\000\040\000F\000i\000e\000l\000d}{subsection.2.1}% 9
\BOOKMARK [3][-]{subsubsection.2.1.3}{\376\377\000D\000i\000v\000e\000r\000g\000e\000n\000c\000e\000\040\000o\000f\000\040\000a\000\040\000V\000e\000c\000t\000o\000r\000\040\000F\000i\000e\000l\000d}{subsection.2.1}% 10
\BOOKMARK [3][-]{subsubsection.2.1.4}{\376\377\000L\000a\000p\000l\000a\000c\000i\000a\000n\000\040\000o\000f\000\040\000a\000\040\000V\000e\000c\000t\000o\000r\000\040\000F\000i\000e\000l\000d}{subsection.2.1}% 11
\BOOKMARK [3][-]{subsubsection.2.1.5}{\376\377\000C\000u\000r\000l\000\040\000o\000f\000\040\000a\000\040\000V\000e\000c\000t\000o\000r\000\040\000F\000i\000e\000l\000d}{subsection.2.1}% 12
\BOOKMARK [2][-]{subsection.2.2}{\376\377\000S\000t\000o\000k\000e\000s\000'\000\040\000T\000h\000e\000o\000r\000e\000m}{section.2}% 13
\BOOKMARK [2][-]{subsection.2.3}{\376\377\000D\000i\000v\000e\000r\000g\000e\000n\000c\000e\000\040\000T\000h\000e\000o\000r\000e\000m}{section.2}% 14
\BOOKMARK [2][-]{subsection.2.4}{\376\377\000N\000u\000l\000l\000\040\000I\000d\000e\000n\000t\000i\000t\000y\000\040\000T\000h\000e\000o\000r\000e\000m}{section.2}% 15
\BOOKMARK [2][-]{subsection.2.5}{\376\377\000P\000h\000a\000s\000o\000r\000\040\000N\000o\000t\000a\000t\000i\000o\000n}{section.2}% 16
\BOOKMARK [2][-]{subsection.2.6}{\376\377\000S\000p\000h\000e\000r\000i\000c\000a\000l\000\040\000C\000o\000o\000r\000d\000i\000n\000a\000t\000e\000s}{section.2}% 17
\BOOKMARK [3][-]{subsubsection.2.6.1}{\376\377\000C\000o\000n\000v\000e\000r\000s\000i\000o\000n\000\040\000f\000r\000o\000m\000\040\000C\000a\000r\000t\000e\000s\000i\000a\000n\000\040\000t\000o\000\040\000S\000p\000h\000e\000r\000i\000c\000a\000l\000\040\000C\000o\000o\000r\000d\000i\000n\000a\000t\000e\000s}{subsection.2.6}% 18
\BOOKMARK [3][-]{subsubsection.2.6.2}{\376\377\000C\000o\000n\000v\000e\000r\000s\000i\000o\000n\000\040\000f\000r\000o\000m\000\040\000C\000a\000r\000t\000e\000s\000i\000a\000n\000\040\000t\000o\000\040\000S\000p\000h\000e\000r\000i\000c\000a\000l\000\040\000C\000o\000o\000r\000d\000i\000n\000a\000t\000e\000s}{subsection.2.6}% 19
\BOOKMARK [3][-]{subsubsection.2.6.3}{\376\377\000E\000x\000p\000r\000e\000s\000s\000i\000n\000g\000\040\000S\000p\000h\000e\000r\000i\000c\000a\000l\000\040\000U\000n\000i\000t\000\040\000V\000e\000c\000t\000o\000r\000s\000\040\000u\000s\000i\000n\000g\000\040\000C\000a\000r\000t\000e\000s\000i\000a\000n\000\040\000U\000n\000i\000t\000\040\000V\000e\000c\000t\000o\000r\000s}{subsection.2.6}% 20
\BOOKMARK [3][-]{subsubsection.2.6.4}{\376\377\000T\000h\000e\000\040\000G\000r\000a\000d\000i\000e\000n\000t\000,\000\040\000D\000i\000v\000e\000r\000g\000e\000n\000c\000e\000,\000\040\000a\000n\000d\000\040\000C\000u\000r\000l\000\040\000i\000n\000\040\000S\000p\000h\000e\000r\000i\000c\000a\000l\000\040\000C\000o\000o\000r\000d\000i\000n\000a\000t\000e\000s}{subsection.2.6}% 21
\BOOKMARK [2][-]{subsection.2.7}{\376\377\0003\000D\000\040\000D\000i\000r\000a\000c\000\040\000D\000e\000l\000t\000a}{section.2}% 22
\BOOKMARK [2][-]{subsection.2.8}{\376\377\000G\000r\000e\000e\000n\000'\000s\000\040\000F\000u\000n\000c\000t\000i\000o\000n\000\040\000f\000o\000r\000\040\000P\000o\000i\000s\000s\000o\000n\000\040\000E\000q\000u\000a\000t\000i\000o\000n}{section.2}% 23
\BOOKMARK [1][-]{section.3}{\376\377\000E\000l\000e\000c\000t\000r\000o\000m\000a\000g\000n\000e\000t\000i\000s\000m}{}% 24
\BOOKMARK [2][-]{subsection.3.1}{\376\377\000M\000a\000x\000w\000e\000l\000l\000'\000s\000\040\000E\000q\000u\000a\000t\000i\000o\000n\000s}{section.3}% 25
\BOOKMARK [3][-]{subsubsection.3.1.1}{\376\377\000C\000o\000n\000s\000e\000r\000v\000a\000t\000i\000o\000n\000\040\000o\000f\000\040\000C\000h\000a\000r\000g\000e\000\040\000P\000r\000i\000n\000c\000i\000p\000l\000e}{subsection.3.1}% 26
\BOOKMARK [2][-]{subsection.3.2}{\376\377\000W\000a\000v\000e\000\040\000E\000q\000u\000a\000t\000i\000o\000n\000\040\000f\000o\000r\000\040\000M\000a\000g\000n\000e\000t\000i\000c\000\040\000V\000e\000c\000t\000o\000r\000\040\000P\000o\000t\000e\000n\000t\000i\000a\000l}{section.3}% 27
\BOOKMARK [3][-]{subsubsection.3.2.1}{\376\377\000F\000i\000n\000d\000i\000n\000g\000\040\000t\000h\000e\000\040\000P\000o\000t\000e\000n\000t\000i\000a\000l\000\040\000b\000y\000\040\000S\000o\000l\000v\000i\000n\000g\000\040\000t\000h\000e\000\040\000W\000a\000v\000e\000\040\000E\000q\000u\000a\000t\000i\000o\000n}{subsection.3.2}% 28
\BOOKMARK [2][-]{subsection.3.3}{\376\377\000M\000a\000g\000n\000e\000t\000i\000c\000\040\000D\000i\000p\000o\000l\000e}{section.3}% 29
\BOOKMARK [3][-]{subsubsection.3.3.1}{\376\377\000M\000a\000g\000n\000e\000t\000i\000c\000\040\000F\000i\000e\000l\000d\000\040\000I\000n\000t\000e\000n\000s\000i\000t\000y\000\040\000H}{subsection.3.3}% 30
\BOOKMARK [2][-]{subsection.3.4}{\376\377\000N\000o\000r\000m\000a\000l\000i\000z\000e\000d\000\040\000S\000o\000u\000r\000c\000e\000\040\000S\000t\000r\000e\000n\000g\000t\000h}{section.3}% 31
\BOOKMARK [3][-]{subsubsection.3.4.1}{\376\377\000D\000e\000m\000o\000n\000s\000t\000r\000a\000t\000i\000o\000n\000\040\000o\000f\000\040\000R\000o\000t\000a\000t\000i\000o\000n\000\040\000I\000n\000v\000a\000r\000i\000a\000n\000c\000e}{subsection.3.4}% 32
\BOOKMARK [1][-]{section.4}{\376\377\000M\000a\000t\000h\000e\000m\000a\000t\000i\000c\000a\000l\000\040\000M\000o\000d\000e\000l\000\040\000o\000f\000\040\000T\000r\000a\000n\000s\000m\000i\000t\000t\000e\000r\000/\000R\000e\000c\000e\000i\000v\000e\000r\000\040\000S\000y\000s\000t\000e\000m}{}% 33
\BOOKMARK [2][-]{subsection.4.1}{\376\377\000S\000i\000n\000g\000l\000e\000\040\000V\000i\000c\000t\000i\000m\000\040\000C\000a\000s\000e}{section.4}% 34
\BOOKMARK [3][-]{subsubsection.4.1.1}{\376\377\000M\000a\000g\000n\000i\000t\000u\000d\000e\000\040\000o\000f\000\040\000M\000a\000g\000n\000e\000t\000i\000c\000\040\000F\000i\000e\000l\000d\000\040\000I\000n\000t\000e\000n\000s\000i\000t\000y\000\040\000H}{subsection.4.1}% 35
\BOOKMARK [3][-]{subsubsection.4.1.2}{\376\377\000F\000i\000n\000d\000i\000n\000g\000\040\000t\000h\000e\000\040\000A\000R\000T\000V\000A\000\040\000p\000o\000s\000i\000t\000i\000o\000n}{subsection.4.1}% 36
\BOOKMARK [3][-]{subsubsection.4.1.3}{\376\377\000R\000e\000c\000u\000r\000s\000i\000v\000e\000\040\000L\000e\000a\000s\000t\000\040\000S\000q\000u\000a\000r\000e}{subsection.4.1}% 37
\BOOKMARK [3][-]{subsubsection.4.1.4}{\376\377\000A\000v\000e\000r\000a\000g\000e\000\040\000C\000o\000n\000s\000e\000n\000s\000u\000s\000\040\000F\000i\000l\000t\000e\000r}{subsection.4.1}% 38
\BOOKMARK [3][-]{subsubsection.4.1.5}{\376\377\000N\000o\000r\000m\000a\000l\000i\000z\000e\000d\000\040\000S\000o\000u\000r\000c\000e\000\040\000S\000t\000r\000e\000n\000g\000t\000h}{subsection.4.1}% 39
\BOOKMARK [2][-]{subsection.4.2}{\376\377\000M\000u\000l\000t\000i\000p\000l\000e\000\040\000V\000i\000c\000t\000i\000m\000s\000\040\000C\000a\000s\000e}{section.4}% 40
\BOOKMARK [3][-]{subsubsection.4.2.1}{\376\377\000T\000o\000t\000a\000l\000\040\000M\000a\000g\000n\000i\000t\000u\000d\000e}{subsection.4.2}% 41
\BOOKMARK [3][-]{subsubsection.4.2.2}{\376\377\000N\000o\000r\000m\000a\000l\000i\000z\000e\000d\000\040\000S\000o\000u\000r\000c\000e\000\040\000S\000t\000r\000e\000n\000g\000t\000h}{subsection.4.2}% 42
\BOOKMARK [3][-]{subsubsection.4.2.3}{\376\377\000F\000i\000n\000a\000l\000\040\000M\000o\000d\000e\000l}{subsection.4.2}% 43
\BOOKMARK [3][-]{subsubsection.4.2.4}{\376\377\000M\000o\000d\000i\000f\000i\000e\000d\000\040\000P\000a\000r\000t\000i\000c\000l\000e\000\040\000S\000w\000a\000r\000m\000\040\000O\000p\000t\000i\000m\000i\000z\000a\000t\000i\000o\000n\000\040\000w\000i\000t\000h\000\040\000E\000x\000c\000l\000u\000s\000i\000o\000n\000\040\000Z\000o\000n\000e\000s}{subsection.4.2}% 44
\BOOKMARK [1][-]{section.5}{\376\377\000C\000o\000n\000t\000r\000o\000l}{}% 45
\BOOKMARK [2][-]{subsection.5.1}{\376\377\000N\000o\000t\000a\000t\000i\000o\000n\000s}{section.5}% 46
\BOOKMARK [2][-]{subsection.5.2}{\376\377\000C\000o\000m\000p\000l\000e\000t\000e\000\040\000Q\000u\000a\000d\000r\000o\000t\000o\000r\000\040\000D\000y\000n\000a\000m\000i\000c\000s}{section.5}% 47
\BOOKMARK [3][-]{subsubsection.5.2.1}{\376\377\000T\000r\000a\000n\000s\000l\000a\000t\000i\000o\000n\000a\000l\000\040\000D\000y\000n\000a\000m\000i\000c\000s}{subsection.5.2}% 48
\BOOKMARK [3][-]{subsubsection.5.2.2}{\376\377\000R\000o\000t\000a\000t\000i\000o\000n\000a\000l\000\040\000D\000y\000n\000a\000m\000i\000c\000s}{subsection.5.2}% 49
\BOOKMARK [3][-]{subsubsection.5.2.3}{\376\377\000F\000i\000n\000a\000l\000\040\000C\000o\000m\000p\000l\000e\000t\000e\000\040\000Q\000u\000a\000d\000r\000o\000t\000o\000r\000\040\000D\000y\000n\000a\000m\000i\000c\000s}{subsection.5.2}% 50
\BOOKMARK [2][-]{subsection.5.3}{\376\377\000S\000i\000m\000p\000l\000i\000f\000i\000e\000d\000\040\000D\000y\000n\000a\000m\000i\000c\000s}{section.5}% 51
\BOOKMARK [2][-]{subsection.5.4}{\376\377\000P\000I\000D\000\040\000C\000o\000n\000t\000r\000o\000l}{section.5}% 52
\BOOKMARK [3][-]{subsubsection.5.4.1}{\376\377\000P\000o\000s\000i\000t\000i\000o\000n\000\040\000C\000o\000n\000t\000r\000o\000l}{subsection.5.4}% 53
\BOOKMARK [3][-]{subsubsection.5.4.2}{\376\377\000A\000t\000t\000i\000t\000u\000d\000e\000\040\000C\000o\000n\000t\000r\000o\000l}{subsection.5.4}% 54
\BOOKMARK [3][-]{subsubsection.5.4.3}{\376\377\000R\000o\000t\000o\000r\000\040\000V\000e\000l\000o\000c\000i\000t\000i\000e\000s}{subsection.5.4}% 55
\BOOKMARK [2][-]{subsection.5.5}{\376\377\000P\000I\000D\000\040\000C\000o\000n\000t\000r\000o\000l\000\040\000a\000p\000p\000l\000i\000e\000d\000\040\000t\000o\000\040\000P\000S\000O}{section.5}% 56
\BOOKMARK [1][-]{section.6}{\376\377\000S\000i\000m\000u\000l\000a\000t\000i\000o\000n\000s}{}% 57
\BOOKMARK [2][-]{subsection.6.1}{\376\377\000I\000m\000p\000l\000e\000m\000e\000n\000t\000a\000t\000i\000o\000n}{section.6}% 58
\BOOKMARK [3][-]{subsubsection.6.1.1}{\376\377\000A\000R\000T\000V\000A\000s\000\040\000c\000l\000a\000s\000s}{subsection.6.1}% 59
\BOOKMARK [3][-]{subsubsection.6.1.2}{\376\377\000P\000l\000o\000t\000t\000e\000r\000\040\000c\000l\000a\000s\000s}{subsection.6.1}% 60
\BOOKMARK [3][-]{subsubsection.6.1.3}{\376\377\000C\000o\000n\000t\000r\000o\000l\000l\000e\000r\000\040\000c\000l\000a\000s\000s}{subsection.6.1}% 61
\BOOKMARK [3][-]{subsubsection.6.1.4}{\376\377\000P\000a\000r\000t\000i\000c\000l\000e\000\040\000c\000l\000a\000s\000s}{subsection.6.1}% 62
\BOOKMARK [3][-]{subsubsection.6.1.5}{\376\377\000M\000a\000i\000n\000\040\000L\000o\000o\000p}{subsection.6.1}% 63
\BOOKMARK [2][-]{subsection.6.2}{\376\377\000R\000e\000s\000u\000l\000t\000s}{section.6}% 64
\BOOKMARK [3][-]{subsubsection.6.2.1}{\376\377\000P\000I\000D\000\040\000f\000o\000r\000\040\000T\000r\000a\000j\000e\000c\000t\000o\000r\000y\000\040\000T\000r\000a\000c\000k\000i\000n\000g}{subsection.6.2}% 65
\BOOKMARK [3][-]{subsubsection.6.2.2}{\376\377\000P\000S\000O\000\040\000w\000i\000t\000h\000\040\000C\000o\000n\000t\000r\000o\000l}{subsection.6.2}% 66
\BOOKMARK [1][-]{section.7}{\376\377\000C\000o\000n\000c\000l\000u\000s\000i\000o\000n\000s}{}% 67
\BOOKMARK [1][-]{section*.52}{\376\377\000R\000i\000n\000g\000r\000a\000z\000i\000a\000m\000e\000n\000t\000i}{}% 68
