\BOOKMARK [0][-]{section*.9}{\376\377\000A\000c\000r\000o\000n\000i\000m\000i}{}% 1
\BOOKMARK [0][-]{chapter.1}{\376\377\000I\000n\000t\000r\000o\000d\000u\000c\000t\000i\000o\000n}{}% 2
\BOOKMARK [1][-]{section.1.1}{\376\377\000P\000r\000e\000v\000i\000o\000u\000s\000\040\000W\000o\000r\000k\000s}{chapter.1}% 3
\BOOKMARK [2][-]{subsection.1.1.1}{\376\377\000M\000a\000g\000n\000e\000t\000i\000c\000\040\000D\000i\000p\000o\000l\000e\000\040\000L\000o\000c\000a\000l\000i\000z\000a\000t\000i\000o\000n}{section.1.1}% 4
\BOOKMARK [2][-]{subsection.1.1.2}{\376\377\000P\000a\000r\000t\000i\000c\000l\000e\000\040\000S\000w\000a\000r\000m\000\040\000O\000p\000t\000i\000m\000i\000z\000a\000t\000i\000o\000n}{section.1.1}% 5
\BOOKMARK [1][-]{section.1.2}{\376\377\000T\000h\000e\000\040\000A\000R\000T\000V\000A}{chapter.1}% 6
\BOOKMARK [1][-]{section.1.3}{\376\377\000G\000r\000a\000d\000i\000e\000n\000t\000,\000\040\000D\000i\000v\000e\000r\000g\000e\000n\000c\000e\000,\000\040\000a\000n\000d\000\040\000C\000u\000r\000l}{chapter.1}% 7
\BOOKMARK [2][-]{subsection.1.3.1}{\376\377\000G\000r\000a\000d\000i\000e\000n\000t\000\040\000o\000f\000\040\000a\000\040\000S\000c\000a\000l\000a\000r\000\040\000F\000i\000e\000l\000d}{section.1.3}% 8
\BOOKMARK [2][-]{subsection.1.3.2}{\376\377\000D\000e\000f\000i\000n\000i\000t\000i\000o\000n\000\040\000o\000f\000\040\000a\000\040\000V\000e\000c\000t\000o\000r\000\040\000F\000i\000e\000l\000d}{section.1.3}% 9
\BOOKMARK [2][-]{subsection.1.3.3}{\376\377\000D\000i\000v\000e\000r\000g\000e\000n\000c\000e\000\040\000o\000f\000\040\000a\000\040\000V\000e\000c\000t\000o\000r\000\040\000F\000i\000e\000l\000d}{section.1.3}% 10
\BOOKMARK [2][-]{subsection.1.3.4}{\376\377\000L\000a\000p\000l\000a\000c\000i\000a\000n\000\040\000o\000f\000\040\000a\000\040\000V\000e\000c\000t\000o\000r\000\040\000F\000i\000e\000l\000d}{section.1.3}% 11
\BOOKMARK [2][-]{subsection.1.3.5}{\376\377\000C\000u\000r\000l\000\040\000o\000f\000\040\000a\000\040\000V\000e\000c\000t\000o\000r\000\040\000F\000i\000e\000l\000d}{section.1.3}% 12
\BOOKMARK [1][-]{section.1.4}{\376\377\000S\000t\000o\000k\000e\000s\000'\000\040\000T\000h\000e\000o\000r\000e\000m}{chapter.1}% 13
\BOOKMARK [1][-]{section.1.5}{\376\377\000D\000i\000v\000e\000r\000g\000e\000n\000c\000e\000\040\000T\000h\000e\000o\000r\000e\000m}{chapter.1}% 14
\BOOKMARK [1][-]{section.1.6}{\376\377\000N\000u\000l\000l\000\040\000I\000d\000e\000n\000t\000i\000t\000y\000\040\000T\000h\000e\000o\000r\000e\000m}{chapter.1}% 15
\BOOKMARK [1][-]{section.1.7}{\376\377\000P\000h\000a\000s\000o\000r\000\040\000N\000o\000t\000a\000t\000i\000o\000n}{chapter.1}% 16
\BOOKMARK [1][-]{section.1.8}{\376\377\000S\000p\000h\000e\000r\000i\000c\000a\000l\000\040\000C\000o\000o\000r\000d\000i\000n\000a\000t\000e\000s}{chapter.1}% 17
\BOOKMARK [2][-]{subsection.1.8.1}{\376\377\000C\000o\000n\000v\000e\000r\000s\000i\000o\000n\000\040\000f\000r\000o\000m\000\040\000C\000a\000r\000t\000e\000s\000i\000a\000n\000\040\000t\000o\000\040\000S\000p\000h\000e\000r\000i\000c\000a\000l\000\040\000C\000o\000o\000r\000d\000i\000n\000a\000t\000e\000s}{section.1.8}% 18
\BOOKMARK [2][-]{subsection.1.8.2}{\376\377\000C\000o\000n\000v\000e\000r\000s\000i\000o\000n\000\040\000f\000r\000o\000m\000\040\000C\000a\000r\000t\000e\000s\000i\000a\000n\000\040\000t\000o\000\040\000S\000p\000h\000e\000r\000i\000c\000a\000l\000\040\000C\000o\000o\000r\000d\000i\000n\000a\000t\000e\000s}{section.1.8}% 19
\BOOKMARK [2][-]{subsection.1.8.3}{\376\377\000E\000x\000p\000r\000e\000s\000s\000i\000n\000g\000\040\000S\000p\000h\000e\000r\000i\000c\000a\000l\000\040\000U\000n\000i\000t\000\040\000V\000e\000c\000t\000o\000r\000s\000\040\000u\000s\000i\000n\000g\000\040\000C\000a\000r\000t\000e\000s\000i\000a\000n\000\040\000U\000n\000i\000t\000\040\000V\000e\000c\000t\000o\000r\000s}{section.1.8}% 20
\BOOKMARK [2][-]{subsection.1.8.4}{\376\377\000T\000h\000e\000\040\000G\000r\000a\000d\000i\000e\000n\000t\000,\000\040\000D\000i\000v\000e\000r\000g\000e\000n\000c\000e\000,\000\040\000a\000n\000d\000\040\000C\000u\000r\000l\000\040\000i\000n\000\040\000S\000p\000h\000e\000r\000i\000c\000a\000l\000\040\000C\000o\000o\000r\000d\000i\000n\000a\000t\000e\000s}{section.1.8}% 21
\BOOKMARK [1][-]{section.1.9}{\376\377\0003\000D\000\040\000D\000i\000r\000a\000c\000\040\000D\000e\000l\000t\000a}{chapter.1}% 22
\BOOKMARK [1][-]{section.1.10}{\376\377\000G\000r\000e\000e\000n\000'\000s\000\040\000F\000u\000n\000c\000t\000i\000o\000n\000\040\000f\000o\000r\000\040\000P\000o\000i\000s\000s\000o\000n\000\040\000E\000q\000u\000a\000t\000i\000o\000n}{chapter.1}% 23
\BOOKMARK [0][-]{chapter.2}{\376\377\000E\000l\000e\000c\000t\000r\000o\000m\000a\000g\000n\000e\000t\000i\000s\000m}{}% 24
\BOOKMARK [1][-]{section.2.1}{\376\377\000M\000a\000x\000w\000e\000l\000l\000'\000s\000\040\000E\000q\000u\000a\000t\000i\000o\000n\000s}{chapter.2}% 25
\BOOKMARK [2][-]{subsection.2.1.1}{\376\377\000C\000o\000n\000s\000e\000r\000v\000a\000t\000i\000o\000n\000\040\000o\000f\000\040\000C\000h\000a\000r\000g\000e\000\040\000P\000r\000i\000n\000c\000i\000p\000l\000e}{section.2.1}% 26
\BOOKMARK [1][-]{section.2.2}{\376\377\000W\000a\000v\000e\000\040\000E\000q\000u\000a\000t\000i\000o\000n\000\040\000f\000o\000r\000\040\000M\000a\000g\000n\000e\000t\000i\000c\000\040\000V\000e\000c\000t\000o\000r\000\040\000P\000o\000t\000e\000n\000t\000i\000a\000l}{chapter.2}% 27
\BOOKMARK [2][-]{subsection.2.2.1}{\376\377\000F\000i\000n\000d\000i\000n\000g\000\040\000t\000h\000e\000\040\000P\000o\000t\000e\000n\000t\000i\000a\000l\000\040\000b\000y\000\040\000S\000o\000l\000v\000i\000n\000g\000\040\000t\000h\000e\000\040\000W\000a\000v\000e\000\040\000E\000q\000u\000a\000t\000i\000o\000n}{section.2.2}% 28
\BOOKMARK [1][-]{section.2.3}{\376\377\000M\000a\000g\000n\000e\000t\000i\000c\000\040\000D\000i\000p\000o\000l\000e}{chapter.2}% 29
\BOOKMARK [1][-]{section.2.4}{\376\377\000N\000o\000r\000m\000a\000l\000i\000z\000e\000d\000\040\000S\000o\000u\000r\000c\000e\000\040\000S\000t\000r\000e\000n\000g\000t\000h}{chapter.2}% 30
\BOOKMARK [2][-]{subsection.2.4.1}{\376\377\000D\000e\000m\000o\000n\000s\000t\000r\000a\000t\000i\000o\000n\000\040\000o\000f\000\040\000R\000o\000t\000a\000t\000i\000o\000n\000\040\000I\000n\000v\000a\000r\000i\000a\000n\000c\000e}{section.2.4}% 31
\BOOKMARK [0][-]{chapter.3}{\376\377\000M\000a\000t\000h\000e\000m\000a\000t\000i\000c\000a\000l\000\040\000M\000o\000d\000e\000l}{}% 32
\BOOKMARK [1][-]{section.3.1}{\376\377\000S\000i\000n\000g\000l\000e\000\040\000V\000i\000c\000t\000i\000m\000\040\000C\000a\000s\000e}{chapter.3}% 33
\BOOKMARK [2][-]{subsection.3.1.1}{\376\377\000M\000a\000g\000n\000i\000t\000u\000d\000e\000\040\000o\000f\000\040\000M\000a\000g\000n\000e\000t\000i\000c\000\040\000F\000i\000e\000l\000d\000\040\000I\000n\000t\000e\000n\000s\000i\000t\000y\000\040\000H}{section.3.1}% 34
\BOOKMARK [2][-]{subsection.3.1.2}{\376\377\000F\000i\000n\000d\000i\000n\000g\000\040\000t\000h\000e\000\040\000A\000R\000T\000V\000A\000\040\000p\000o\000s\000i\000t\000i\000o\000n}{section.3.1}% 35
\BOOKMARK [2][-]{subsection.3.1.3}{\376\377\000R\000e\000c\000u\000r\000s\000i\000v\000e\000\040\000L\000e\000a\000s\000t\000\040\000S\000q\000u\000a\000r\000e}{section.3.1}% 36
\BOOKMARK [2][-]{subsection.3.1.4}{\376\377\000A\000v\000e\000r\000a\000g\000e\000\040\000C\000o\000n\000s\000e\000n\000s\000u\000s\000\040\000F\000i\000l\000t\000e\000r}{section.3.1}% 37
\BOOKMARK [2][-]{subsection.3.1.5}{\376\377\000N\000o\000r\000m\000a\000l\000i\000z\000e\000d\000\040\000S\000o\000u\000r\000c\000e\000\040\000S\000t\000r\000e\000n\000g\000t\000h}{section.3.1}% 38
\BOOKMARK [1][-]{section.3.2}{\376\377\000M\000u\000l\000t\000i\000p\000l\000e\000\040\000V\000i\000c\000t\000i\000m\000s\000\040\000C\000a\000s\000e}{chapter.3}% 39
\BOOKMARK [2][-]{subsection.3.2.1}{\376\377\000T\000o\000t\000a\000l\000\040\000M\000a\000g\000n\000i\000t\000u\000d\000e}{section.3.2}% 40
\BOOKMARK [2][-]{subsection.3.2.2}{\376\377\000N\000o\000r\000m\000a\000l\000i\000z\000e\000d\000\040\000S\000o\000u\000r\000c\000e\000\040\000S\000t\000r\000e\000n\000g\000t\000h}{section.3.2}% 41
\BOOKMARK [2][-]{subsection.3.2.3}{\376\377\000F\000i\000n\000a\000l\000\040\000M\000o\000d\000e\000l}{section.3.2}% 42
\BOOKMARK [2][-]{subsection.3.2.4}{\376\377\000P\000a\000r\000t\000i\000c\000l\000e\000\040\000S\000w\000a\000r\000m\000\040\000O\000p\000t\000i\000m\000i\000z\000a\000t\000i\000o\000n}{section.3.2}% 43
\BOOKMARK [2][-]{subsection.3.2.5}{\376\377\000C\000o\000n\000t\000r\000o\000l}{section.3.2}% 44
\BOOKMARK [0][-]{chapter.4}{\376\377\000I\000m\000p\000l\000e\000m\000e\000n\000t\000a\000t\000i\000o\000n}{}% 45
\BOOKMARK [1][-]{section.4.1}{\376\377\000I\000n\000t\000r\000o\000d\000u\000c\000t\000i\000o\000n}{chapter.4}% 46
\BOOKMARK [1][-]{section.4.2}{\376\377\000S\000i\000m\000u\000l\000a\000t\000i\000o\000n\000\040\000D\000e\000t\000a\000i\000l\000s}{chapter.4}% 47
\BOOKMARK [2][-]{subsection.4.2.1}{\376\377\000D\000r\000o\000n\000e\000\040\000a\000n\000d\000\040\000A\000R\000T\000V\000A\000\040\000c\000l\000a\000s\000s\000e\000s}{section.4.2}% 48
\BOOKMARK [2][-]{subsection.4.2.2}{\376\377\000R\000e\000p\000l\000a\000n\000n\000e\000r}{section.4.2}% 49
\BOOKMARK [2][-]{subsection.4.2.3}{\376\377\000P\000l\000o\000t\000t\000e\000r}{section.4.2}% 50
\BOOKMARK [2][-]{subsection.4.2.4}{\376\377\000S\000t\000o\000p\000p\000i\000n\000g\000\040\000C\000r\000i\000t\000e\000r\000i\000u\000m}{section.4.2}% 51
\BOOKMARK [1][-]{section.4.3}{\376\377\000P\000a\000r\000t\000i\000c\000l\000e\000\040\000S\000w\000a\000r\000m\000\040\000O\000p\000t\000i\000m\000i\000z\000a\000t\000i\000o\000n}{chapter.4}% 52
\BOOKMARK [1][-]{section.4.4}{\376\377\000E\000x\000p\000l\000o\000r\000a\000t\000i\000o\000n\000\040\000p\000h\000a\000s\000e}{chapter.4}% 53
\BOOKMARK [1][-]{section.4.5}{\376\377\000E\000x\000p\000l\000o\000i\000t\000a\000t\000i\000o\000n\000\040\000P\000h\000a\000s\000e}{chapter.4}% 54
\BOOKMARK [2][-]{subsection.4.5.1}{\376\377\000V\000e\000l\000o\000c\000i\000t\000y\000\040\000U\000p\000d\000a\000t\000e}{section.4.5}% 55
\BOOKMARK [2][-]{subsection.4.5.2}{\376\377\000E\000x\000c\000l\000u\000s\000i\000o\000n\000\040\000Z\000o\000n\000e\000\040\000M\000e\000c\000h\000a\000n\000i\000s\000m}{section.4.5}% 56
\BOOKMARK [0][-]{chapter.5}{\376\377\000E\000x\000p\000e\000r\000i\000m\000e\000n\000t\000s}{}% 57
\BOOKMARK [0][-]{section*.57}{\376\377\000G\000l\000o\000s\000s\000a\000r\000y}{}% 58
\BOOKMARK [0][-]{section*.58}{\376\377\000B\000i\000b\000l\000i\000o\000g\000r\000a\000p\000h\000y}{}% 59
\BOOKMARK [1][-]{section*.60}{\376\377\000F\000i\000g\000u\000r\000e}{section*.58}% 60
\BOOKMARK [0][-]{chapter*.61}{\376\377\000R\000i\000n\000g\000r\000a\000z\000i\000a\000m\000e\000n\000t\000i}{}% 61
